<?xml version="1.0" encoding="UTF-8"?>
<testng-results skipped="0" failed="0" total="1" passed="1">
  <reporter-output>
  </reporter-output>
  <suite name="Default suite" duration-ms="80064" started-at="2015-05-15T01:02:09Z" finished-at="2015-05-15T01:03:30Z">
    <groups>
    </groups>
    <test name="Default test" duration-ms="80064" started-at="2015-05-15T01:02:09Z" finished-at="2015-05-15T01:03:30Z">
      <class name="com.adgistics.BaseClass">
        <test-method status="PASS" signature="setUp()[pri:0, instance:com.adgistics.BaseClass@68da4b71]" name="setUp" is-config="true" duration-ms="19722" started-at="2015-05-15T02:02:09Z" finished-at="2015-05-15T02:02:29Z">
          <reporter-output>
          </reporter-output>
        </test-method> <!-- setUp -->
        <test-method status="PASS" signature="testnew()[pri:0, instance:com.adgistics.BaseClass@68da4b71]" name="testnew" duration-ms="59856" started-at="2015-05-15T02:02:29Z" finished-at="2015-05-15T02:03:29Z">
          <reporter-output>
          </reporter-output>
        </test-method> <!-- testnew -->
        <test-method status="PASS" signature="tearDown()[pri:0, instance:com.adgistics.BaseClass@68da4b71]" name="tearDown" is-config="true" duration-ms="470" started-at="2015-05-15T02:03:29Z" finished-at="2015-05-15T02:03:30Z">
          <reporter-output>
          </reporter-output>
        </test-method> <!-- tearDown -->
      </class> <!-- com.adgistics.BaseClass -->
    </test> <!-- Default test -->
  </suite> <!-- Default suite -->
</testng-results>
